<?xml version="1.0" encoding="UTF-8" ?>
<testsuite tests="1" failures="0" name="de.as.javabot.web.test.AccountInformationTest" time="0.032" errors="0" skipped="1">
  <properties>
    <property name="java.runtime.name" value="Java(TM) SE Runtime Environment"/>
    <property name="sun.boot.library.path" value="A:\Programme\Eclipse Versionen\eclipse_luna\jre\bin"/>
    <property name="java.vm.version" value="25.5-b02"/>
    <property name="java.vm.vendor" value="Oracle Corporation"/>
    <property name="java.vendor.url" value="http://java.oracle.com/"/>
    <property name="path.separator" value=";"/>
    <property name="guice.disable.misplaced.annotation.check" value="true"/>
    <property name="java.vm.name" value="Java HotSpot(TM) 64-Bit Server VM"/>
    <property name="file.encoding.pkg" value="sun.io"/>
    <property name="user.script" value=""/>
    <property name="user.country" value="DE"/>
    <property name="sun.java.launcher" value="SUN_STANDARD"/>
    <property name="sun.os.patch.level" value="Service Pack 1"/>
    <property name="java.vm.specification.name" value="Java Virtual Machine Specification"/>
    <property name="user.dir" value="D:\Users\A543414\git\javabot\javabot-parent"/>
    <property name="java.runtime.version" value="1.8.0_05-b13"/>
    <property name="java.awt.graphicsenv" value="sun.awt.Win32GraphicsEnvironment"/>
    <property name="java.endorsed.dirs" value="A:\Programme\Eclipse Versionen\eclipse_luna\jre\lib\endorsed"/>
    <property name="os.arch" value="amd64"/>
    <property name="java.io.tmpdir" value="D:\Users\A543414\AppData\Local\Temp\"/>
    <property name="line.separator" value="
"/>
    <property name="java.vm.specification.vendor" value="Oracle Corporation"/>
    <property name="user.variant" value=""/>
    <property name="os.name" value="Windows 7"/>
    <property name="classworlds.conf" value="A:\Projekte\javabot\workspace\.metadata\.plugins\org.eclipse.m2e.launching\launches\m2conf6468386122212451217.tmp"/>
    <property name="sun.jnu.encoding" value="Cp1252"/>
    <property name="java.library.path" value="A:\Programme\Eclipse Versionen\eclipse_luna\jre\bin;C:\Windows\Sun\Java\bin;C:\Windows\system32;C:\Windows;A:/Programme/Eclipse Versionen/eclipse_luna/jre/bin/server;A:/Programme/Eclipse Versionen/eclipse_luna/jre/bin;A:/Programme/Eclipse Versionen/eclipse_luna/jre/lib/amd64;D:\Java\oracle\app\oracle\product\10.2.0\server\bin;C:\Program Files\Java\jdk1.7.0_51\bin;C:\Windows\system32;C:\Windows;C:\Windows\System32\Wbem;C:\Windows\System32\WindowsPowerShell\v1.0\;D:\Buildtools\apache-ant-1.8.2\bin;D:\Buildtools\gradle-1.4\bin;D:\Programme\TortoiseSVN\bin;D:\Programme\VisualSVN Server\bin;C:\Windows\System32\WindowsPowerShell\v1.0\;C:\Program Files (x86)\MIT\Kerberos\bin;C:\Program Files\nodejs\;A:\Programme\Eclipse Versionen\android_adt-bundle-windows-x86_64\sdk\tools;A:\Programme\Eclipse Versionen\android_adt-bundle-windows-x86_64\sdk\platform-tools;C:\Program Files (x86)\Windows Kits\8.1\Windows Performance Toolkit\;C:\Program Files\Microsoft SQL Server\110\Tools\Binn\;%M2_HOME%\bin;D:\Users\A543414\AppData\Roaming\npm;A:\Programme\Eclipse Versionen\eclipse_luna;;."/>
    <property name="java.specification.name" value="Java Platform API Specification"/>
    <property name="java.class.version" value="52.0"/>
    <property name="sun.management.compiler" value="HotSpot 64-Bit Tiered Compilers"/>
    <property name="os.version" value="6.1"/>
    <property name="user.home" value="D:\Users\A543414"/>
    <property name="user.timezone" value="Europe/Paris"/>
    <property name="java.awt.printerjob" value="sun.awt.windows.WPrinterJob"/>
    <property name="java.specification.version" value="1.8"/>
    <property name="file.encoding" value="Cp1252"/>
    <property name="user.name" value="A543414"/>
    <property name="java.class.path" value="/A:/Programme/Eclipse Versionen/eclipse_luna/plugins/org.eclipse.m2e.maven.runtime_1.5.0.20140605-2032/jars/plexus-classworlds-2.5.1.jar"/>
    <property name="org.slf4j.simpleLogger.defaultLogLevel" value="info"/>
    <property name="java.vm.specification.version" value="1.8"/>
    <property name="sun.arch.data.model" value="64"/>
    <property name="java.home" value="A:\Programme\Eclipse Versionen\eclipse_luna\jre"/>
    <property name="sun.java.command" value="org.codehaus.plexus.classworlds.launcher.Launcher -B install"/>
    <property name="java.specification.vendor" value="Oracle Corporation"/>
    <property name="user.language" value="de"/>
    <property name="awt.toolkit" value="sun.awt.windows.WToolkit"/>
    <property name="java.vm.info" value="mixed mode"/>
    <property name="java.version" value="1.8.0_05"/>
    <property name="java.ext.dirs" value="A:\Programme\Eclipse Versionen\eclipse_luna\jre\lib\ext;C:\Windows\Sun\Java\lib\ext"/>
    <property name="sun.boot.class.path" value="A:\Programme\Eclipse Versionen\eclipse_luna\jre\lib\resources.jar;A:\Programme\Eclipse Versionen\eclipse_luna\jre\lib\rt.jar;A:\Programme\Eclipse Versionen\eclipse_luna\jre\lib\sunrsasign.jar;A:\Programme\Eclipse Versionen\eclipse_luna\jre\lib\jsse.jar;A:\Programme\Eclipse Versionen\eclipse_luna\jre\lib\jce.jar;A:\Programme\Eclipse Versionen\eclipse_luna\jre\lib\charsets.jar;A:\Programme\Eclipse Versionen\eclipse_luna\jre\lib\jfr.jar;A:\Programme\Eclipse Versionen\eclipse_luna\jre\classes"/>
    <property name="java.vendor" value="Oracle Corporation"/>
    <property name="maven.home" value="D:\Users\A543414\git\javabot\javabot-parent\EMBEDDED"/>
    <property name="file.separator" value="\"/>
    <property name="java.vendor.url.bug" value="http://bugreport.sun.com/bugreport/"/>
    <property name="sun.cpu.endian" value="little"/>
    <property name="sun.io.unicode.encoding" value="UnicodeLittle"/>
    <property name="sun.desktop" value="windows"/>
    <property name="sun.cpu.isalist" value="amd64"/>
  </properties>
  <testcase classname="de.as.javabot.web.test.AccountInformationTest" name="de.as.javabot.web.test.AccountInformationTest" time="0.032">
    <skipped/>
  </testcase>
</testsuite>