<?xml version="1.0" encoding="UTF-8" ?>
<testsuite tests="1" failures="0" name="test.NextTest" time="0.469" errors="1" skipped="0">
  <properties>
    <property name="java.runtime.name" value="Java(TM) SE Runtime Environment"/>
    <property name="sun.boot.library.path" value="A:\Programme\Eclipse Versionen\eclipse_luna\jre\bin"/>
    <property name="java.vm.version" value="25.5-b02"/>
    <property name="java.vm.vendor" value="Oracle Corporation"/>
    <property name="java.vendor.url" value="http://java.oracle.com/"/>
    <property name="path.separator" value=";"/>
    <property name="guice.disable.misplaced.annotation.check" value="true"/>
    <property name="java.vm.name" value="Java HotSpot(TM) 64-Bit Server VM"/>
    <property name="file.encoding.pkg" value="sun.io"/>
    <property name="user.script" value=""/>
    <property name="user.country" value="DE"/>
    <property name="sun.java.launcher" value="SUN_STANDARD"/>
    <property name="sun.os.patch.level" value="Service Pack 1"/>
    <property name="java.vm.specification.name" value="Java Virtual Machine Specification"/>
    <property name="user.dir" value="D:\Users\A543414\git\javabot\javabot-parent"/>
    <property name="java.runtime.version" value="1.8.0_05-b13"/>
    <property name="java.awt.graphicsenv" value="sun.awt.Win32GraphicsEnvironment"/>
    <property name="java.endorsed.dirs" value="A:\Programme\Eclipse Versionen\eclipse_luna\jre\lib\endorsed"/>
    <property name="os.arch" value="amd64"/>
    <property name="java.io.tmpdir" value="D:\Users\A543414\AppData\Local\Temp\"/>
    <property name="line.separator" value="
"/>
    <property name="java.vm.specification.vendor" value="Oracle Corporation"/>
    <property name="user.variant" value=""/>
    <property name="os.name" value="Windows 7"/>
    <property name="classworlds.conf" value="A:\Projekte\javabot\workspace\.metadata\.plugins\org.eclipse.m2e.launching\launches\m2conf942184820872763112.tmp"/>
    <property name="sun.jnu.encoding" value="Cp1252"/>
    <property name="java.library.path" value="A:\Programme\Eclipse Versionen\eclipse_luna\jre\bin;C:\Windows\Sun\Java\bin;C:\Windows\system32;C:\Windows;A:/Programme/Eclipse Versionen/eclipse_luna/jre/bin/server;A:/Programme/Eclipse Versionen/eclipse_luna/jre/bin;A:/Programme/Eclipse Versionen/eclipse_luna/jre/lib/amd64;D:\Java\oracle\app\oracle\product\10.2.0\server\bin;C:\Program Files\Java\jdk1.7.0_51\bin;C:\Windows\system32;C:\Windows;C:\Windows\System32\Wbem;C:\Windows\System32\WindowsPowerShell\v1.0\;D:\Buildtools\apache-ant-1.8.2\bin;D:\Buildtools\gradle-1.4\bin;D:\Programme\TortoiseSVN\bin;D:\Programme\VisualSVN Server\bin;C:\Windows\System32\WindowsPowerShell\v1.0\;C:\Program Files (x86)\MIT\Kerberos\bin;C:\Program Files\nodejs\;A:\Programme\Eclipse Versionen\android_adt-bundle-windows-x86_64\sdk\tools;A:\Programme\Eclipse Versionen\android_adt-bundle-windows-x86_64\sdk\platform-tools;C:\Program Files (x86)\Windows Kits\8.1\Windows Performance Toolkit\;C:\Program Files\Microsoft SQL Server\110\Tools\Binn\;%M2_HOME%\bin;D:\Users\A543414\AppData\Roaming\npm;A:\Programme\Eclipse Versionen\eclipse_luna;;."/>
    <property name="java.specification.name" value="Java Platform API Specification"/>
    <property name="java.class.version" value="52.0"/>
    <property name="sun.management.compiler" value="HotSpot 64-Bit Tiered Compilers"/>
    <property name="os.version" value="6.1"/>
    <property name="user.home" value="D:\Users\A543414"/>
    <property name="user.timezone" value="Europe/Paris"/>
    <property name="java.awt.printerjob" value="sun.awt.windows.WPrinterJob"/>
    <property name="java.specification.version" value="1.8"/>
    <property name="file.encoding" value="Cp1252"/>
    <property name="user.name" value="A543414"/>
    <property name="java.class.path" value="/A:/Programme/Eclipse Versionen/eclipse_luna/plugins/org.eclipse.m2e.maven.runtime_1.5.0.20140605-2032/jars/plexus-classworlds-2.5.1.jar"/>
    <property name="org.slf4j.simpleLogger.defaultLogLevel" value="info"/>
    <property name="java.vm.specification.version" value="1.8"/>
    <property name="sun.arch.data.model" value="64"/>
    <property name="java.home" value="A:\Programme\Eclipse Versionen\eclipse_luna\jre"/>
    <property name="sun.java.command" value="org.codehaus.plexus.classworlds.launcher.Launcher -B install"/>
    <property name="java.specification.vendor" value="Oracle Corporation"/>
    <property name="user.language" value="de"/>
    <property name="awt.toolkit" value="sun.awt.windows.WToolkit"/>
    <property name="java.vm.info" value="mixed mode"/>
    <property name="java.version" value="1.8.0_05"/>
    <property name="java.ext.dirs" value="A:\Programme\Eclipse Versionen\eclipse_luna\jre\lib\ext;C:\Windows\Sun\Java\lib\ext"/>
    <property name="sun.boot.class.path" value="A:\Programme\Eclipse Versionen\eclipse_luna\jre\lib\resources.jar;A:\Programme\Eclipse Versionen\eclipse_luna\jre\lib\rt.jar;A:\Programme\Eclipse Versionen\eclipse_luna\jre\lib\sunrsasign.jar;A:\Programme\Eclipse Versionen\eclipse_luna\jre\lib\jsse.jar;A:\Programme\Eclipse Versionen\eclipse_luna\jre\lib\jce.jar;A:\Programme\Eclipse Versionen\eclipse_luna\jre\lib\charsets.jar;A:\Programme\Eclipse Versionen\eclipse_luna\jre\lib\jfr.jar;A:\Programme\Eclipse Versionen\eclipse_luna\jre\classes"/>
    <property name="java.vendor" value="Oracle Corporation"/>
    <property name="maven.home" value="D:\Users\A543414\git\javabot\javabot-parent\EMBEDDED"/>
    <property name="file.separator" value="\"/>
    <property name="java.vendor.url.bug" value="http://bugreport.sun.com/bugreport/"/>
    <property name="sun.cpu.endian" value="little"/>
    <property name="sun.io.unicode.encoding" value="UnicodeLittle"/>
    <property name="sun.desktop" value="windows"/>
    <property name="sun.cpu.isalist" value="amd64"/>
  </properties>
  <testcase classname="test.NextTest" name="test.NextTest" time="0.469">
    <error message="java.lang.IllegalArgumentException" type="org.apache.openejb.OpenEjbContainer$InitializationException">org.apache.openejb.OpenEjbContainer$InitializationException: java.lang.IllegalArgumentException
	at org.apache.openejb.OpenEjbContainer$Provider.createEJBContainer(OpenEjbContainer.java:442)
	at javax.ejb.embeddable.EJBContainer.createEJBContainer(EJBContainer.java:56)
	at test.NextTest.setUp(NextTest.java:27)
	at sun.reflect.NativeMethodAccessorImpl.invoke0(Native Method)
	at sun.reflect.NativeMethodAccessorImpl.invoke(NativeMethodAccessorImpl.java:62)
	at sun.reflect.DelegatingMethodAccessorImpl.invoke(DelegatingMethodAccessorImpl.java:43)
	at java.lang.reflect.Method.invoke(Method.java:483)
	at org.junit.runners.model.FrameworkMethod$1.runReflectiveCall(FrameworkMethod.java:47)
	at org.junit.internal.runners.model.ReflectiveCallable.run(ReflectiveCallable.java:12)
	at org.junit.runners.model.FrameworkMethod.invokeExplosively(FrameworkMethod.java:44)
	at org.junit.internal.runners.statements.RunBefores.evaluate(RunBefores.java:24)
	at org.junit.runners.ParentRunner.run(ParentRunner.java:309)
	at org.apache.maven.surefire.junit4.JUnit4Provider.execute(JUnit4Provider.java:252)
	at org.apache.maven.surefire.junit4.JUnit4Provider.executeTestSet(JUnit4Provider.java:141)
	at org.apache.maven.surefire.junit4.JUnit4Provider.invoke(JUnit4Provider.java:112)
	at sun.reflect.NativeMethodAccessorImpl.invoke0(Native Method)
	at sun.reflect.NativeMethodAccessorImpl.invoke(NativeMethodAccessorImpl.java:62)
	at sun.reflect.DelegatingMethodAccessorImpl.invoke(DelegatingMethodAccessorImpl.java:43)
	at java.lang.reflect.Method.invoke(Method.java:483)
	at org.apache.maven.surefire.util.ReflectionUtils.invokeMethodWithArray(ReflectionUtils.java:189)
	at org.apache.maven.surefire.booter.ProviderFactory$ProviderProxy.invoke(ProviderFactory.java:165)
	at org.apache.maven.surefire.booter.ProviderFactory.invokeProvider(ProviderFactory.java:85)
	at org.apache.maven.surefire.booter.ForkedBooter.runSuitesInProcess(ForkedBooter.java:115)
	at org.apache.maven.surefire.booter.ForkedBooter.main(ForkedBooter.java:75)
Caused by: java.lang.IllegalArgumentException
	at org.apache.xbean.asm4.ClassReader.&lt;init&gt;(Unknown Source)
	at org.apache.xbean.asm4.ClassReader.&lt;init&gt;(Unknown Source)
	at org.apache.xbean.asm4.ClassReader.&lt;init&gt;(Unknown Source)
	at org.apache.openejb.util.AnnotationFinder.readClassDef(AnnotationFinder.java:297)
	at org.apache.openejb.util.AnnotationFinder.find(AnnotationFinder.java:163)
	at org.apache.openejb.config.DeploymentLoader.checkAnnotations(DeploymentLoader.java:1871)
	at org.apache.openejb.config.DeploymentLoader.discoverModuleType(DeploymentLoader.java:1782)
	at org.apache.openejb.config.DeploymentsResolver.processUrls(DeploymentsResolver.java:388)
	at org.apache.openejb.config.DeploymentsResolver.loadFromClasspath(DeploymentsResolver.java:301)
	at org.apache.openejb.config.ConfigurationFactory.getModulesFromClassPath(ConfigurationFactory.java:647)
	at org.apache.openejb.OpenEjbContainer$Provider.load(OpenEjbContainer.java:535)
	at org.apache.openejb.OpenEjbContainer$Provider.createEJBContainer(OpenEjbContainer.java:354)
	... 23 more
</error>
    <system-out>Ausf√ºhrungszeit: 23.854 s
</system-out>
    <system-err>Sep 19, 2014 2:28:55 PM org.apache.openejb.OpenEJB$Instance &lt;init&gt;
INFORMATION: ********************************************************************************
Sep 19, 2014 2:28:55 PM org.apache.openejb.OpenEJB$Instance &lt;init&gt;
INFORMATION: OpenEJB http://openejb.apache.org/
Sep 19, 2014 2:28:55 PM org.apache.openejb.OpenEJB$Instance &lt;init&gt;
INFORMATION: Startup: Fri Sep 19 14:28:55 CEST 2014
Sep 19, 2014 2:28:55 PM org.apache.openejb.OpenEJB$Instance &lt;init&gt;
INFORMATION: Copyright 1999-2013 (C) Apache OpenEJB Project, All Rights Reserved.
Sep 19, 2014 2:28:55 PM org.apache.openejb.OpenEJB$Instance &lt;init&gt;
INFORMATION: Version: 4.6.0.2
Sep 19, 2014 2:28:55 PM org.apache.openejb.OpenEJB$Instance &lt;init&gt;
INFORMATION: Build date: 20140506
Sep 19, 2014 2:28:55 PM org.apache.openejb.OpenEJB$Instance &lt;init&gt;
INFORMATION: Build time: 03:09
Sep 19, 2014 2:28:55 PM org.apache.openejb.OpenEJB$Instance &lt;init&gt;
INFORMATION: ********************************************************************************
Sep 19, 2014 2:28:55 PM org.apache.openejb.OpenEJB$Instance &lt;init&gt;
INFORMATION: openejb.home = D:\Users\A543414\git\javabot\javabot-parent\javabot-webservice
Sep 19, 2014 2:28:55 PM org.apache.openejb.OpenEJB$Instance &lt;init&gt;
INFORMATION: openejb.base = D:\Users\A543414\git\javabot\javabot-parent\javabot-webservice
Sep 19, 2014 2:28:55 PM org.apache.openejb.cdi.CdiBuilder initializeOWB
INFORMATION: Created new singletonService org.apache.openejb.cdi.ThreadSingletonServiceImpl@aced190
Sep 19, 2014 2:28:55 PM org.apache.openejb.cdi.CdiBuilder initializeOWB
INFORMATION: Succeeded in installing singleton service
Sep 19, 2014 2:28:55 PM org.apache.openejb.util.OptionsLog info
INFORMATION: Using &apos;javax.ejb.embeddable.EJBContainer=true&apos;
Sep 19, 2014 2:28:55 PM org.apache.openejb.config.ConfigUtils searchForConfiguration
INFORMATION: Cannot find the configuration file [conf/openejb.xml].  Will attempt to create one for the beans deployed.
Sep 19, 2014 2:28:55 PM org.apache.openejb.config.ConfigurationFactory configureService
INFORMATION: Configuring Service(id=Default Security Service, type=SecurityService, provider-id=Default Security Service)
Sep 19, 2014 2:28:55 PM org.apache.openejb.config.ConfigurationFactory configureService
INFORMATION: Configuring Service(id=Default Transaction Manager, type=TransactionManager, provider-id=Default Transaction Manager)
Sep 19, 2014 2:28:55 PM org.apache.openejb.assembler.classic.Assembler createRecipe
INFORMATION: Creating TransactionManager(id=Default Transaction Manager)
Sep 19, 2014 2:28:55 PM org.apache.openejb.assembler.classic.Assembler createRecipe
INFORMATION: Creating SecurityService(id=Default Security Service)
</system-err>
  </testcase>
</testsuite>